mode: set
github.com/typical-go/typical-rest-server/app/book/repository/book_repo.go:28.53,32.2 1 1
github.com/typical-go/typical-rest-server/app/book/repository/book_repo.go:35.76,42.16 4 1
github.com/typical-go/typical-rest-server/app/book/repository/book_repo.go:46.2,46.17 1 1
github.com/typical-go/typical-rest-server/app/book/repository/book_repo.go:50.2,50.18 1 1
github.com/typical-go/typical-rest-server/app/book/repository/book_repo.go:42.16,44.3 1 1
github.com/typical-go/typical-rest-server/app/book/repository/book_repo.go:46.17,48.3 1 1
github.com/typical-go/typical-rest-server/app/book/repository/book_repo.go:54.70,62.16 5 1
github.com/typical-go/typical-rest-server/app/book/repository/book_repo.go:66.2,66.18 1 1
github.com/typical-go/typical-rest-server/app/book/repository/book_repo.go:75.2,75.18 1 1
github.com/typical-go/typical-rest-server/app/book/repository/book_repo.go:62.16,64.3 1 1
github.com/typical-go/typical-rest-server/app/book/repository/book_repo.go:66.18,69.17 3 1
github.com/typical-go/typical-rest-server/app/book/repository/book_repo.go:72.3,72.28 1 1
github.com/typical-go/typical-rest-server/app/book/repository/book_repo.go:69.17,71.4 1 1
github.com/typical-go/typical-rest-server/app/book/repository/book_repo.go:79.108,90.16 4 1
github.com/typical-go/typical-rest-server/app/book/repository/book_repo.go:95.2,96.26 2 1
github.com/typical-go/typical-rest-server/app/book/repository/book_repo.go:90.16,93.3 2 1
github.com/typical-go/typical-rest-server/app/book/repository/book_repo.go:100.88,112.16 5 1
github.com/typical-go/typical-rest-server/app/book/repository/book_repo.go:117.2,117.12 1 1
github.com/typical-go/typical-rest-server/app/book/repository/book_repo.go:112.16,115.3 2 1
github.com/typical-go/typical-rest-server/app/book/repository/book_repo.go:121.80,129.16 5 1
github.com/typical-go/typical-rest-server/app/book/repository/book_repo.go:134.2,134.12 1 1
github.com/typical-go/typical-rest-server/app/book/repository/book_repo.go:129.16,132.3 2 1
